<?xml version="1.0" encoding="UTF-8"?>
<testng-results ignored="0" total="2" passed="2" failed="0" skipped="0">
  <reporter-output>
  </reporter-output>
  <suite started-at="2021-06-30T00:09:25 EDT" name="Default suite" finished-at="2021-06-30T00:09:33 EDT" duration-ms="7873">
    <groups>
    </groups>
    <test started-at="2021-06-30T00:09:25 EDT" name="Default test" finished-at="2021-06-30T00:09:33 EDT" duration-ms="7873">
      <class name="Day6_selenium.swagLabsTests$SwagLabsTests">
        <test-method is-config="true" signature="beforeTest()[pri:0, instance:Day6_selenium.swagLabsTests$SwagLabsTests@460d0a57]" started-at="2021-06-30T00:09:25 EDT" name="beforeTest" finished-at="2021-06-30T00:09:26 EDT" duration-ms="1316" status="PASS">
          <reporter-output>
          </reporter-output>
        </test-method> <!-- beforeTest -->
        <test-method signature="invalidLogin()[pri:0, instance:Day6_selenium.swagLabsTests$SwagLabsTests@460d0a57]" started-at="2021-06-30T00:09:26 EDT" name="invalidLogin" finished-at="2021-06-30T00:09:29 EDT" duration-ms="2681" status="PASS">
          <reporter-output>
          </reporter-output>
        </test-method> <!-- invalidLogin -->
        <test-method signature="validLogIn()[pri:0, instance:Day6_selenium.swagLabsTests$SwagLabsTests@460d0a57]" started-at="2021-06-30T00:09:29 EDT" name="validLogIn" finished-at="2021-06-30T00:09:32 EDT" duration-ms="3244" status="PASS">
          <reporter-output>
          </reporter-output>
        </test-method> <!-- validLogIn -->
        <test-method is-config="true" signature="afterTest()[pri:0, instance:Day6_selenium.swagLabsTests$SwagLabsTests@460d0a57]" started-at="2021-06-30T00:09:32 EDT" name="afterTest" finished-at="2021-06-30T00:09:33 EDT" duration-ms="615" status="PASS">
          <reporter-output>
          </reporter-output>
        </test-method> <!-- afterTest -->
      </class> <!-- Day6_selenium.swagLabsTests$SwagLabsTests -->
    </test> <!-- Default test -->
  </suite> <!-- Default suite -->
</testng-results>
